<?xml version="1.0" encoding="UTF-8"?>
<!-- Generated by org.testng.reporters.JUnitReportReporter -->
<testsuite skipped="0" hostname="Malindas-MacBook-Pro.local" name="org.antlr.Python3BaseListenerTest" tests="1" failures="0" timestamp="2020-08-19T20:46:15 PDT" time="0.213" errors="0">
  <testcase name="testEnterSingle_input" time="0.213" classname="org.antlr.Python3BaseListenerTest"/>
</testsuite> <!-- org.antlr.Python3BaseListenerTest -->
