<?xml version="1.0" encoding="UTF-8"?>
<!-- Generated by org.testng.reporters.JUnitReportReporter -->
<testsuite skipped="0" hostname="Malindas-MacBook-Pro.local" name="TestParser" tests="5" failures="0" timestamp="2020-08-19T20:46:15 PDT" time="0.353" errors="0">
  <testcase name="testStatements" time="0.008" classname="TestParser"/>
  <testcase name="testClassFunc" time="0.216" classname="TestParser"/>
  <testcase name="testListComp" time="0.014" classname="TestParser"/>
  <testcase name="testTryExcept" time="0.007" classname="TestParser"/>
  <testcase name="testcase6" time="0.108" classname="TestParser"/>
</testsuite> <!-- TestParser -->
